RUNIT TEST PROTOCOL -- Mon Oct 16 21:35:45 2017 
*********************************************** 
Number of test functions: 10 
Number of errors: 0 
Number of failures: 0 

 
1 Test Suite : 
fakemake_unit_test - 10 test functions, 0 errors, 0 failures



Details 
*************************** 
Test Suite: fakemake_unit_test 
Test function regexp: ^test_+ 
Test file regexp: ^.*\.[rR] 
Involved directory: 
inst/runit_tests 
--------------------------- 
Test file: inst/runit_tests/runit-makefile.R 
test_provide_makefile: (1 checks) ... OK (0.01 seconds)
test_read_makefile: (2 checks) ... OK (0.46 seconds)
test_write_makefile: (1 checks) ... OK (0.01 seconds)
--------------------------- 
Test file: inst/runit_tests/runit-throw.R 
test_exception: (1 checks) ... OK (0 seconds)
--------------------------- 
Test file: inst/runit_tests/runit-xmake.R 
test_make_full_tree: (2 checks) ... OK (0.07 seconds)
test_make_missing: (2 checks) ... OK (0.03 seconds)
test_make_newer: (2 checks) ... OK (1.03 seconds)
test_make_phony: (3 checks) ... OK (2.04 seconds)
test_make_prerequisite: (3 checks) ... OK (1.04 seconds)
test_make_source_files: (0 checks) ... OK (0 seconds)
